d:\hololens-games\unityhololens-2\basic hud\build\obj\unityhololens-2\win32\release\unityhololens-2.pch
d:\hololens-games\unityhololens-2\basic hud\build\obj\unityhololens-2\win32\release\vc142.pdb
d:\hololens-games\unityhololens-2\basic hud\build\obj\unityhololens-2\win32\release\pch.obj
d:\hololens-games\unityhololens-2\basic hud\build\obj\unityhololens-2\win32\release\unitygenerated.obj
d:\hololens-games\unityhololens-2\basic hud\build\obj\unityhololens-2\win32\release\app.obj
d:\hololens-games\unityhololens-2\basic hud\build\obj\unityhololens-2\win32\release\main.obj
d:\hololens-games\unityhololens-2\basic hud\build\bin\win32\release\unityplayer.winmd
d:\hololens-games\unityhololens-2\basic hud\build\bin\win32\release\unityplayer.dll
d:\hololens-games\unityhololens-2\basic hud\build\bin\win32\release\unityplayer_uap_x86_release_il2cpp.pdb
d:\hololens-games\unityhololens-2\basic hud\build\bin\win32\release\unityhololens-2.exe
d:\hololens-games\unityhololens-2\basic hud\build\obj\unityhololens-2\win32\release\unityhololens-2.ipdb
d:\hololens-games\unityhololens-2\basic hud\build\obj\unityhololens-2\win32\release\unityhololens-2.iobj
d:\hololens-games\unityhololens-2\basic hud\build\bin\win32\release\unityhololens_2.winmd
d:\hololens-games\unityhololens-2\basic hud\build\bin\win32\release\unityhololens-2.pdb
d:\hololens-games\unityhololens-2\basic hud\build\obj\unityhololens-2\win32\release\unityhololens-2.vcxproj.copycomplete
d:\hololens-games\unityhololens-2\basic hud\build\obj\unityhololens-2\win32\release\resourcehandlingtask.state
d:\hololens-games\unityhololens-2\basic hud\build\obj\unityhololens-2\win32\release\unityhololens-2.vcxproj.generateresource.cache
d:\hololens-games\unityhololens-2\basic hud\build\obj\unityhololens-2\win32\release\priconfig.xml
d:\hololens-games\unityhololens-2\basic hud\build\obj\unityhololens-2\win32\release\priconfig.xml.intermediate
d:\hololens-games\unityhololens-2\basic hud\build\obj\unityhololens-2\win32\release\unfiltered.layout.resfiles
d:\hololens-games\unityhololens-2\basic hud\build\obj\unityhololens-2\win32\release\unfiltered.layout.resfiles.intermediate
d:\hololens-games\unityhololens-2\basic hud\build\obj\unityhololens-2\win32\release\filtered.layout.resfiles
d:\hololens-games\unityhololens-2\basic hud\build\obj\unityhololens-2\win32\release\filtered.layout.resfiles.intermediate
d:\hololens-games\unityhololens-2\basic hud\build\obj\unityhololens-2\win32\release\excluded.layout.resfiles
d:\hololens-games\unityhololens-2\basic hud\build\obj\unityhololens-2\win32\release\excluded.layout.resfiles.intermediate
d:\hololens-games\unityhololens-2\basic hud\build\obj\unityhololens-2\win32\release\resources.resfiles
d:\hololens-games\unityhololens-2\basic hud\build\obj\unityhololens-2\win32\release\resources.resfiles.intermediate
d:\hololens-games\unityhololens-2\basic hud\build\obj\unityhololens-2\win32\release\pri.resfiles
d:\hololens-games\unityhololens-2\basic hud\build\obj\unityhololens-2\win32\release\pri.resfiles.intermediate
d:\hololens-games\unityhololens-2\basic hud\build\bin\win32\release\resources.pri
d:\hololens-games\unityhololens-2\basic hud\build\obj\unityhololens-2\win32\release\qualifiers.txt
d:\hololens-games\unityhololens-2\basic hud\build\obj\unityhololens-2\win32\release\qualifiers.txt.intermediate
d:\hololens-games\unityhololens-2\basic hud\build\obj\unityhololens-2\win32\release\multiplequalifiersperdimensionfound.txt
d:\hololens-games\unityhololens-2\basic hud\build\obj\unityhololens-2\win32\release\projectarchitectures.txt
d:\hololens-games\unityhololens-2\basic hud\build\obj\unityhololens-2\win32\release\.winmd_cache\$unityplayer.winmd_637480786840000000.json
d:\hololens-games\unityhololens-2\basic hud\build\bin\win32\release\appxmanifest.xml
d:\hololens-games\unityhololens-2\basic hud\build\bin\win32\release\unityhololens-2.build.appxrecipe
d:\hololens-games\unityhololens-2\basic hud\build\obj\unityhololens-2\win32\release\unityhololens-2.tlog\cl.command.1.tlog
d:\hololens-games\unityhololens-2\basic hud\build\obj\unityhololens-2\win32\release\unityhololens-2.tlog\cl.read.1.tlog
d:\hololens-games\unityhololens-2\basic hud\build\obj\unityhololens-2\win32\release\unityhololens-2.tlog\cl.write.1.tlog
d:\hololens-games\unityhololens-2\basic hud\build\obj\unityhololens-2\win32\release\unityhololens-2.tlog\copylocal.read.1u.tlog
d:\hololens-games\unityhololens-2\basic hud\build\obj\unityhololens-2\win32\release\unityhololens-2.tlog\copylocal.write.1u.tlog
d:\hololens-games\unityhololens-2\basic hud\build\obj\unityhololens-2\win32\release\unityhololens-2.tlog\link.command.1.tlog
d:\hololens-games\unityhololens-2\basic hud\build\obj\unityhololens-2\win32\release\unityhololens-2.tlog\link.read.1.tlog
d:\hololens-games\unityhololens-2\basic hud\build\obj\unityhololens-2\win32\release\unityhololens-2.tlog\link.write.1.tlog
d:\hololens-games\unityhololens-2\basic hud\build\obj\unityhololens-2\win32\release\unityhololens-2.tlog\unityhololens-2.read.1u.tlog
d:\hololens-games\unityhololens-2\basic hud\build\obj\unityhololens-2\win32\release\unityhololens-2.tlog\unityhololens-2.write.1u.tlog
