  Building GameAssembly.dll with MsvcWinRtToolChain
  	Msvc Install Version: 15.0
  	Msvc Install SDK Directory: C:\Program Files (x86)\Windows Kits\10
  	Msvc Linker Path: D:\Visual Studio\IDE\VC\Tools\MSVC\14.28.29910\bin\HostX64\x86\link.exe
  	Msvc Compiler Path: D:\Visual Studio\IDE\VC\Tools\MSVC\14.28.29910\bin\HostX64\x86\cl.exe
  
  	Output directory: D:\Hololens-Games\UnityHoloLens-2\Origami\build\bin\Win32\Debug
  	Cache directory: D:\Hololens-Games\UnityHoloLens-2\Origami\build\obj\il2cppOutputProject\Win32\Debug
  mscorlib_CodeGen.c
  Il2CppMetadataUsage.c
  Il2CppTypeDefinitions.c
  mscorlib11.cpp
  mscorlib12.cpp
  mscorlib4.cpp
  mscorlib7.cpp
  mscorlib9.cpp
  Il2CppInvokerTable.cpp
  mscorlib3.cpp
  mscorlib2.cpp
  Il2CppAttributes.cpp
  mscorlib6.cpp
  mscorlib16.cpp
  UnityEngine.UIElementsModule.cpp
  mscorlib10.cpp
  mscorlib.cpp
  Il2CppCompilerCalculateTypeValues.cpp
  Il2CppGenericMethodPointerTable.cpp
  mscorlib1.cpp
  mscorlib15.cpp
  System.cpp
  GenericMethods3.cpp
  Generics.cpp
  mscorlib8.cpp
  UnityEngine.CoreModule.cpp
  mscorlib14.cpp
  GenericMethods.cpp
  mscorlib5.cpp
  Il2CppCompilerCalculateTypeValues1.cpp
  Generics10.cpp
  Il2CppGenericMethodDefinitions.c
  Generics7.cpp
  Generics11.cpp
  Il2CppGenericMethodTable.c
  mscorlib13.cpp
  Generics1.cpp
  Generics2.cpp
  GenericMethods2.cpp
  Generics3.cpp
  Generics5.cpp
  Generics9.cpp
  Il2CppGenericClassTable.c
  Il2CppGenericInstDefinitions.c
  UnityEngine.CoreModule1.cpp
  Generics8.cpp
  System1.cpp
  Generics4.cpp
  Generics6.cpp
  GenericMethods1.cpp
  I18N.Rare.cpp
  UnityEngine.VRModule.cpp
  UnityEngine.IMGUIModule.cpp
  mscorlib17.cpp
  I18N.cpp
  GenericMethods4.cpp
  UnityEngine.CoreModule_CodeGen.c
  UnityEngine.AndroidJNIModule.cpp
  I18N.CJK.cpp
  I18N.West.cpp
  Il2CppCompilerCalculateTypeValuesTable.cpp
  char-conversions.cpp
  UnityEngine.UIElementsModule_CodeGen.c
  I18N.Other.cpp
  UnityEngine.TerrainModule.cpp
  UnityEngine.XRModule.cpp
  I18N.MidEast.cpp
  UnresolvedVirtualCallStubs.cpp
  UnityEngine.AnimationModule.cpp
  UnityEngine.UIElementsModule1.cpp
  System_CodeGen.c
  I18N.Rare1.cpp
  Il2CppInteropDataTable.cpp
  UnityEngine.SharedInternalsModule.cpp
  UnityEngine.PhysicsModule.cpp
  UnityEngine.Physics2DModule.cpp
  Mono.Security.cpp
  UnityEngine.IMGUIModule_CodeGen.c
  UnityEngine.SubsystemsModule.cpp
  deflate.c
  UnityEngine.TilemapModule.cpp
  I18N.Rare_CodeGen.c
  System.Xml.cpp
  UnityEngine.AudioModule.cpp
  UnityEngine.InputLegacyModule.cpp
  UnityEngine.VideoModule.cpp
  UnityEngine.VRModule_CodeGen.c
  UnityEngine.UnityAnalyticsModule.cpp
  UnityEngine.ParticleSystemModule.cpp
  inflate.c
  UnityEngine.UnityWebRequestModule.cpp
  UnityEngine.AndroidJNIModule_CodeGen.c
  I18N.CJK_CodeGen.c
  trees.c
  I18N.West_CodeGen.c
  I18N_CodeGen.c
  xamarin_getifaddrs.c
  System.Configuration.cpp
  UnityEngine.InputModule.cpp
  UnityEngine.VFXModule.cpp
  infback.c
  I18N.Other_CodeGen.c
  UnityEngine.AIModule.cpp
  UnityEngine.TextRenderingModule.cpp
  UnityEngine.AssetBundleModule.cpp
  UnityEngine.DirectorModule.cpp
  UnityEngine.UIModule.cpp
  gzread.c
  gzwrite.c
  System.Core.cpp
  UnityEngine.SharedInternalsModule_CodeGen.c
  gzlib.c
  UnityEngine.AnimationModule_CodeGen.c
  UnityEngine.PhysicsModule_CodeGen.c
  inffast.c
  Assembly-CSharp.cpp
  UnityEngine.Physics2DModule_CodeGen.c
  UnityEngine.XRModule_CodeGen.c
  crc32.c
  UnityEngine.TerrainModule_CodeGen.c
  inftrees.c
  I18N.MidEast_CodeGen.c
  UnityEngine.TilemapModule_CodeGen.c
  UnityEngine.AudioModule_CodeGen.c
  il2cpp-api.cpp
  UnityEngine.VideoModule_CodeGen.c
  zutil.c
  System.Configuration_CodeGen.c
  UnityEngine.SubsystemsModule_CodeGen.c
  System.Xml_CodeGen.c
  UnityEngine.ParticleSystemModule_CodeGen.c
  System.Core_CodeGen.c
  UnityEngine.UnityAnalyticsModule_CodeGen.c
  UnityEngine.InputLegacyModule_CodeGen.c
  adler32.c
  UnityEngine.VFXModule_CodeGen.c
  Mono.Security_CodeGen.c
  UnityEngine.InputModule_CodeGen.c
  uncompr.c
  compress.c
  Il2CppCodeRegistration.cpp
  UnityEngine.GridModule.cpp
  UnityEngine.TextRenderingModule_CodeGen.c
  UnityEngine.AIModule_CodeGen.c
  UnityAdsStubs.cpp
  UnityEngine.UIModule_CodeGen.c
  UnityEngine.UnityWebRequestModule_CodeGen.c
  krait_signal_handler.c
  Il2CppReversePInvokeWrapperTable.cpp
  UnityEngine.DirectorModule_CodeGen.c
  Assembly-CSharp_CodeGen.c
  Il2CppMetadataRegistration.c
  il2cpp-benchmark-support.cpp
  UnityEngine.GridModule_CodeGen.c
  gzclose.c
  UnityEngine_CodeGen.c
  UnityEngine.AssetBundleModule_CodeGen.c
  Lump_libil2cpp_mono-runtime.cpp
  UnityEngine.cpp
  Lump_libil2cpp_metadata.cpp
  Lump_libil2cpp_debugger.cpp
  Lump_libil2cpp_utils.cpp
  Il2CppGenericComDefinitions.cpp
  il2cpp-runtime-stats.cpp
  Lump_libil2cpp_gc.cpp
  Lump_libil2cpp_vm-utils.cpp
  Lump_libil2cpp_codegen.cpp
  Lump_libil2cpp_icalls.cpp
  gc.c
  Lump_libil2cpp_mono.cpp
  Lump_libil2cpp_vm.cpp
  Lump_libil2cpp_os.cpp
  ObjectFiles: 172 of which compiled: 172
  	Time Compile: 4054 milliseconds Lump_libil2cpp_os.cpp
  	Time Compile: 2481 milliseconds Lump_libil2cpp_vm.cpp
  	Time Compile: 2211 milliseconds Lump_libil2cpp_icalls.cpp
  	Time Compile: 1963 milliseconds Il2CppCompilerCalculateTypeValues.cpp
  	Time Compile: 1531 milliseconds gc.c
  	Time Compile: 1519 milliseconds UnityEngine.UIElementsModule.cpp
  	Time Compile: 1507 milliseconds mscorlib16.cpp
  	Time Compile: 1460 milliseconds mscorlib6.cpp
  	Time Compile: 1444 milliseconds System.cpp
  	Time Compile: 1421 milliseconds Generics.cpp
  Total compilation time: 9481 milliseconds.
  Creating library D:\Hololens-Games\UnityHoloLens-2\Origami\build\obj\il2cppOutputProject\Win32\Debug\linkresult_48B2EBBEC3F27FA57ABF5314B5297804\GameAssembly.lib and object D:\Hololens-Games\UnityHoloLens-2\Origami\build\obj\il2cppOutputProject\Win32\Debug\linkresult_48B2EBBEC3F27FA57ABF5314B5297804\GameAssembly.exp
  Total link time: 2910 milliseconds.
  Cleaned up 1 object files.
